Sending request                   15
Sending request                   55
PC: 0000
INSN: 05c000ef
Writing           4 to r 1
Sending request                   95
PC: 005c
INSN: ff010113
Writing        1008 to r 2
Sending request                  145
Sending request                  155
PC: 0060
INSN: 00112623
Sending request                  185
PC: 0064
INSN: 00a00513
Writing          10 to r10
Sending request                  225
PC: 0068
INSN: fa9ff0ef
Writing         108 to r 1
Sending request                  265
PC: 0010
INSN: fe010113
Writing         976 to r 2
Sending request                  315
Sending request                  325
PC: 0014
INSN: 00112e23
Sending request                  355
Sending request                  365
PC: 0018
INSN: 00a12623
Sending request                  395
Sending request                  405
PC: 001c
INSN: 00c12703
Writing          10 to r14
Sending request                  435
PC: 0020
INSN: 00100793
Writing           1 to r15
Sending request                  485
PC: 0024
INSN: 00f71663
Sending request                  525
Sending request                  535
PC: 0030
INSN: 00c12783
Writing          10 to r15
Sending request                  585
PC: 0034
INSN: fff78793
Writing           9 to r15
Sending request                  635
PC: 0038
INSN: 00078513
Writing           9 to r10
Sending request                  675
PC: 003c
INSN: fd5ff0ef
Writing          64 to r 1
Sending request                  715
PC: 0010
INSN: fe010113
Writing         944 to r 2
Sending request                  765
Sending request                  775
PC: 0014
INSN: 00112e23
Sending request                  805
Sending request                  815
PC: 0018
INSN: 00a12623
Sending request                  845
Sending request                  855
PC: 001c
INSN: 00c12703
Writing           9 to r14
Sending request                  885
PC: 0020
INSN: 00100793
Writing           1 to r15
Sending request                  935
PC: 0024
INSN: 00f71663
Sending request                  975
Sending request                  985
PC: 0030
INSN: 00c12783
Writing           9 to r15
Sending request                 1035
PC: 0034
INSN: fff78793
Writing           8 to r15
Sending request                 1085
PC: 0038
INSN: 00078513
Writing           8 to r10
Sending request                 1125
PC: 003c
INSN: fd5ff0ef
Writing          64 to r 1
Sending request                 1165
PC: 0010
INSN: fe010113
Writing         912 to r 2
Sending request                 1215
Sending request                 1225
PC: 0014
INSN: 00112e23
Sending request                 1255
Sending request                 1265
PC: 0018
INSN: 00a12623
Sending request                 1295
Sending request                 1305
PC: 001c
INSN: 00c12703
Writing           8 to r14
Sending request                 1335
PC: 0020
INSN: 00100793
Writing           1 to r15
Sending request                 1385
PC: 0024
INSN: 00f71663
Sending request                 1425
Sending request                 1435
PC: 0030
INSN: 00c12783
Writing           8 to r15
Sending request                 1485
PC: 0034
INSN: fff78793
Writing           7 to r15
Sending request                 1535
PC: 0038
INSN: 00078513
Writing           7 to r10
Sending request                 1575
PC: 003c
INSN: fd5ff0ef
Writing          64 to r 1
Sending request                 1615
PC: 0010
INSN: fe010113
Writing         880 to r 2
Sending request                 1665
Sending request                 1675
PC: 0014
INSN: 00112e23
Sending request                 1705
Sending request                 1715
PC: 0018
INSN: 00a12623
Sending request                 1745
Sending request                 1755
PC: 001c
INSN: 00c12703
Writing           7 to r14
Sending request                 1785
PC: 0020
INSN: 00100793
Writing           1 to r15
Sending request                 1835
PC: 0024
INSN: 00f71663
Sending request                 1875
Sending request                 1885
PC: 0030
INSN: 00c12783
Writing           7 to r15
Sending request                 1935
PC: 0034
INSN: fff78793
Writing           6 to r15
Sending request                 1985
PC: 0038
INSN: 00078513
Writing           6 to r10
Sending request                 2025
PC: 003c
INSN: fd5ff0ef
Writing          64 to r 1
Sending request                 2065
PC: 0010
INSN: fe010113
Writing         848 to r 2
Sending request                 2115
Sending request                 2125
PC: 0014
INSN: 00112e23
Sending request                 2155
Sending request                 2165
PC: 0018
INSN: 00a12623
Sending request                 2195
Sending request                 2205
PC: 001c
INSN: 00c12703
Writing           6 to r14
Sending request                 2235
PC: 0020
INSN: 00100793
Writing           1 to r15
Sending request                 2285
PC: 0024
INSN: 00f71663
Sending request                 2325
Sending request                 2335
PC: 0030
INSN: 00c12783
Writing           6 to r15
Sending request                 2385
PC: 0034
INSN: fff78793
Writing           5 to r15
Sending request                 2435
PC: 0038
INSN: 00078513
Writing           5 to r10
Sending request                 2475
PC: 003c
INSN: fd5ff0ef
Writing          64 to r 1
Sending request                 2515
PC: 0010
INSN: fe010113
Writing         816 to r 2
Sending request                 2565
Sending request                 2575
PC: 0014
INSN: 00112e23
Sending request                 2605
Sending request                 2615
PC: 0018
INSN: 00a12623
Sending request                 2645
Sending request                 2655
PC: 001c
INSN: 00c12703
Writing           5 to r14
Sending request                 2685
PC: 0020
INSN: 00100793
Writing           1 to r15
Sending request                 2735
PC: 0024
INSN: 00f71663
Sending request                 2775
Sending request                 2785
PC: 0030
INSN: 00c12783
Writing           5 to r15
Sending request                 2835
PC: 0034
INSN: fff78793
Writing           4 to r15
Sending request                 2885
PC: 0038
INSN: 00078513
Writing           4 to r10
Sending request                 2925
PC: 003c
INSN: fd5ff0ef
Writing          64 to r 1
Sending request                 2965
PC: 0010
INSN: fe010113
Writing         784 to r 2
Sending request                 3015
Sending request                 3025
PC: 0014
INSN: 00112e23
Sending request                 3055
Sending request                 3065
PC: 0018
INSN: 00a12623
Sending request                 3095
Sending request                 3105
PC: 001c
INSN: 00c12703
Writing           4 to r14
Sending request                 3135
PC: 0020
INSN: 00100793
Writing           1 to r15
Sending request                 3185
PC: 0024
INSN: 00f71663
Sending request                 3225
Sending request                 3235
PC: 0030
INSN: 00c12783
Writing           4 to r15
Sending request                 3285
PC: 0034
INSN: fff78793
Writing           3 to r15
Sending request                 3335
PC: 0038
INSN: 00078513
Writing           3 to r10
Sending request                 3375
PC: 003c
INSN: fd5ff0ef
Writing          64 to r 1
Sending request                 3415
PC: 0010
INSN: fe010113
Writing         752 to r 2
Sending request                 3465
Sending request                 3475
PC: 0014
INSN: 00112e23
Sending request                 3505
Sending request                 3515
PC: 0018
INSN: 00a12623
Sending request                 3545
Sending request                 3555
PC: 001c
INSN: 00c12703
Writing           3 to r14
Sending request                 3585
PC: 0020
INSN: 00100793
Writing           1 to r15
Sending request                 3635
PC: 0024
INSN: 00f71663
Sending request                 3675
Sending request                 3685
PC: 0030
INSN: 00c12783
Writing           3 to r15
Sending request                 3735
PC: 0034
INSN: fff78793
Writing           2 to r15
Sending request                 3785
PC: 0038
INSN: 00078513
Writing           2 to r10
Sending request                 3825
PC: 003c
INSN: fd5ff0ef
Writing          64 to r 1
Sending request                 3865
PC: 0010
INSN: fe010113
Writing         720 to r 2
Sending request                 3915
Sending request                 3925
PC: 0014
INSN: 00112e23
Sending request                 3955
Sending request                 3965
PC: 0018
INSN: 00a12623
Sending request                 3995
Sending request                 4005
PC: 001c
INSN: 00c12703
Writing           2 to r14
Sending request                 4035
PC: 0020
INSN: 00100793
Writing           1 to r15
Sending request                 4085
PC: 0024
INSN: 00f71663
Sending request                 4125
Sending request                 4135
PC: 0030
INSN: 00c12783
Writing           2 to r15
Sending request                 4185
PC: 0034
INSN: fff78793
Writing           1 to r15
Sending request                 4235
PC: 0038
INSN: 00078513
Writing           1 to r10
Sending request                 4275
PC: 003c
INSN: fd5ff0ef
Writing          64 to r 1
Sending request                 4315
PC: 0010
INSN: fe010113
Writing         688 to r 2
Sending request                 4365
Sending request                 4375
PC: 0014
INSN: 00112e23
Sending request                 4405
Sending request                 4415
PC: 0018
INSN: 00a12623
Sending request                 4445
Sending request                 4455
PC: 001c
INSN: 00c12703
Writing           1 to r14
Sending request                 4485
PC: 0020
INSN: 00100793
Writing           1 to r15
Sending request                 4535
PC: 0024
INSN: 00f71663
Sending request                 4575
PC: 0028
INSN: 00100793
Writing           1 to r15
Sending request                 4615
PC: 002c
INSN: 0200006f
Sending request                 4655
PC: 004c
INSN: 00078513
Writing           1 to r10
Sending request                 4695
Sending request                 4705
PC: 0050
INSN: 01c12083
Writing          64 to r 1
Sending request                 4735
PC: 0054
INSN: 02010113
Writing         720 to r 2
Sending request                 4775
PC: 0058
INSN: 00008067
Sending request                 4815
PC: 0040
INSN: 00050713
Writing           1 to r14
Sending request                 4855
Sending request                 4865
PC: 0044
INSN: 00c12783
Writing           2 to r15
Sending request                 4915
PC: 0048
INSN: 02f707b3
Writing           2 to r15
Sending request                 4965
PC: 004c
INSN: 00078513
Writing           2 to r10
Sending request                 5005
Sending request                 5015
PC: 0050
INSN: 01c12083
Writing          64 to r 1
Sending request                 5045
PC: 0054
INSN: 02010113
Writing         752 to r 2
Sending request                 5085
PC: 0058
INSN: 00008067
Sending request                 5125
PC: 0040
INSN: 00050713
Writing           2 to r14
Sending request                 5165
Sending request                 5175
PC: 0044
INSN: 00c12783
Writing           3 to r15
Sending request                 5225
PC: 0048
INSN: 02f707b3
Writing           6 to r15
Sending request                 5275
PC: 004c
INSN: 00078513
Writing           6 to r10
Sending request                 5315
Sending request                 5325
PC: 0050
INSN: 01c12083
Writing          64 to r 1
Sending request                 5355
PC: 0054
INSN: 02010113
Writing         784 to r 2
Sending request                 5395
PC: 0058
INSN: 00008067
Sending request                 5435
PC: 0040
INSN: 00050713
Writing           6 to r14
Sending request                 5475
Sending request                 5485
PC: 0044
INSN: 00c12783
Writing           4 to r15
Sending request                 5535
PC: 0048
INSN: 02f707b3
Writing          24 to r15
Sending request                 5585
PC: 004c
INSN: 00078513
Writing          24 to r10
Sending request                 5625
Sending request                 5635
PC: 0050
INSN: 01c12083
Writing          64 to r 1
Sending request                 5665
PC: 0054
INSN: 02010113
Writing         816 to r 2
Sending request                 5705
PC: 0058
INSN: 00008067
Sending request                 5745
PC: 0040
INSN: 00050713
Writing          24 to r14
Sending request                 5785
Sending request                 5795
PC: 0044
INSN: 00c12783
Writing           5 to r15
Sending request                 5845
PC: 0048
INSN: 02f707b3
Writing         120 to r15
Sending request                 5895
PC: 004c
INSN: 00078513
Writing         120 to r10
Sending request                 5935
Sending request                 5945
PC: 0050
INSN: 01c12083
Writing          64 to r 1
Sending request                 5975
PC: 0054
INSN: 02010113
Writing         848 to r 2
Sending request                 6015
PC: 0058
INSN: 00008067
Sending request                 6055
PC: 0040
INSN: 00050713
Writing         120 to r14
Sending request                 6095
Sending request                 6105
PC: 0044
INSN: 00c12783
Writing           6 to r15
Sending request                 6155
PC: 0048
INSN: 02f707b3
Writing         720 to r15
Sending request                 6205
PC: 004c
INSN: 00078513
Writing         720 to r10
Sending request                 6245
Sending request                 6255
PC: 0050
INSN: 01c12083
Writing          64 to r 1
Sending request                 6285
PC: 0054
INSN: 02010113
Writing         880 to r 2
Sending request                 6325
PC: 0058
INSN: 00008067
Sending request                 6365
PC: 0040
INSN: 00050713
Writing         720 to r14
Sending request                 6405
Sending request                 6415
PC: 0044
INSN: 00c12783
Writing           7 to r15
Sending request                 6465
PC: 0048
INSN: 02f707b3
Writing        5040 to r15
Sending request                 6515
PC: 004c
INSN: 00078513
Writing        5040 to r10
Sending request                 6555
Sending request                 6565
PC: 0050
INSN: 01c12083
Writing          64 to r 1
Sending request                 6595
PC: 0054
INSN: 02010113
Writing         912 to r 2
Sending request                 6635
PC: 0058
INSN: 00008067
Sending request                 6675
PC: 0040
INSN: 00050713
Writing        5040 to r14
Sending request                 6715
Sending request                 6725
PC: 0044
INSN: 00c12783
Writing           8 to r15
Sending request                 6775
PC: 0048
INSN: 02f707b3
Writing       40320 to r15
Sending request                 6825
PC: 004c
INSN: 00078513
Writing       40320 to r10
Sending request                 6865
Sending request                 6875
PC: 0050
INSN: 01c12083
Writing          64 to r 1
Sending request                 6905
PC: 0054
INSN: 02010113
Writing         944 to r 2
Sending request                 6945
PC: 0058
INSN: 00008067
Sending request                 6985
PC: 0040
INSN: 00050713
Writing       40320 to r14
Sending request                 7025
Sending request                 7035
PC: 0044
INSN: 00c12783
Writing           9 to r15
Sending request                 7085
PC: 0048
INSN: 02f707b3
Writing      362880 to r15
Sending request                 7135
PC: 004c
INSN: 00078513
Writing      362880 to r10
Sending request                 7175
Sending request                 7185
PC: 0050
INSN: 01c12083
Writing          64 to r 1
Sending request                 7215
PC: 0054
INSN: 02010113
Writing         976 to r 2
Sending request                 7255
PC: 0058
INSN: 00008067
Sending request                 7295
PC: 0040
INSN: 00050713
Writing      362880 to r14
Sending request                 7335
Sending request                 7345
PC: 0044
INSN: 00c12783
Writing          10 to r15
Sending request                 7395
PC: 0048
INSN: 02f707b3
Writing     3628800 to r15
Sending request                 7445
PC: 004c
INSN: 00078513
Writing     3628800 to r10
Sending request                 7485
Sending request                 7495
PC: 0050
INSN: 01c12083
Writing         108 to r 1
Sending request                 7525
PC: 0054
INSN: 02010113
Writing        1008 to r 2
Sending request                 7565
PC: 0058
INSN: 00008067
Sending request                 7605
PC: 006c
INSN: 00050793
Writing     3628800 to r15
Sending request                 7655
PC: 0070
INSN: 00078513
Writing     3628800 to r10
Sending request                 7695
Sending request                 7705
PC: 0074
INSN: 00c12083
Writing           4 to r 1
Sending request                 7735
PC: 0078
INSN: 01010113
Writing        1024 to r 2
Sending request                 7775
PC: 007c
INSN: 00008067
PC: 0004
INSN: 0000006f
