1431655764
4294967294
2863311528
1431655762
4294967292
2863311526
1431655760
4294967290
2863311524
1431655758
4294967288
2863311522
1431655756
4294967286
2863311520
1431655754
4294967284
2863311518
1431655752
4294967282
2863311516
1431655750
4294967280
2863311514
1431655748
4294967278
2863311512
1431655746
4294967276
2863311510
1431655744
4294967274
2863311508
1431655742
4294967272
2863311506
1431655740
4294967270
2863311504
1431655738
4294967268
2863311502
1431655736
4294967266
2863311500
1431655734
4294967264
2863311498
1431655732
4294967262
2863311496
1431655730
4294967260
2863311494
1431655728
4294967258
2863311492
1431655726
4294967256
2863311490
1431655724
4294967254
2863311488
1431655722
4294967252
2863311486
1431655720
4294967250
2863311484
1431655718
4294967248
2863311482
1431655716
4294967246
2863311480
1431655714
4294967244
2863311478
1431655712
4294967242
2863311476
1431655710
4294967240
2863311474
1431655708
4294967238
2863311472
1431655706
4294967236
2863311470
1431655704
4294967234
2863311468
1431655702
4294967232
2863311466
1431655700
4294967230
2863311464
1431655698
4294967228
2863311462
1431655696
4294967226
2863311460
1431655694
4294967224
2863311458
1431655692
4294967222
2863311456
1431655690
4294967220
2863311454
1431655688
4294967218
2863311452
1431655686
4294967216
2863311450
1431655684
4294967214
2863311448
1431655682
4294967212
2863311446
1431655680
4294967210
2863311444
1431655678
4294967208
2863311442
1431655676
4294967206
2863311440
1431655674
4294967204
2863311438
1431655672
4294967202
2863311436
1431655670
4294967200
2863311434
1431655668
4294967198
2863311432
1431655666
4294967196
2863311430
1431655664
4294967194
2863311428
1431655662
4294967192
2863311426
1431655660
4294967190
2863311424
1431655658
4294967188
2863311422
1431655656
4294967186
2863311420
1431655654
4294967184
2863311418
1431655652
4294967182
2863311416
1431655650
4294967180
2863311414
1431655648
4294967178
2863311412
1431655646
4294967176
2863311410
1431655644
4294967174
2863311408
1431655642
4294967172
2863311406
1431655640
4294967170
2863311404
1431655638
4294967168
2863311402
1431655636
4294967166
2863311400
1431655634
4294967164
2863311398
1431655632
4294967162
2863311396
1431655630
4294967160
2863311394
1431655628
4294967158
2863311392
1431655626
4294967156
2863311390
1431655624
4294967154
2863311388
1431655622
4294967152
2863311386
1431655620
4294967150
2863311384
1431655618
4294967148
2863311382
1431655616
4294967146
2863311380
1431655614
4294967144
2863311378
1431655612
4294967142
2863311376
1431655610
4294967140
2863311374
1431655608
4294967138
2863311372
1431655606
4294967136
2863311370
1431655604
4294967134
2863311368
1431655602
4294967132
2863311366
1431655600
4294967130
2863311364
1431655598
4294967128
2863311362
1431655596
4294967126
2863311360
1431655594
4294967124
2863311358
1431655592
4294967122
2863311356
1431655590
4294967120
2863311354
1431655588
4294967118
2863311352
1431655586
4294967116
2863311350
1431655584
4294967114
2863311348
1431655582
4294967112
2863311346
1431655580
4294967110
2863311344
1431655578
4294967108
2863311342
1431655576
4294967106
2863311340
1431655574
4294967104
2863311338
1431655572
4294967102
2863311336
1431655570
4294967100
2863311334
1431655568
4294967098
2863311332
1431655566
4294967096
2863311330
1431655564
4294967094
2863311328
1431655562
4294967092
2863311326
1431655560
4294967090
2863311324
1431655558
4294967088
2863311322
1431655556
4294967086
2863311320
1431655554
4294967084
2863311318
1431655552
4294967082
2863311316
1431655550
4294967080
2863311314
1431655548
4294967078
2863311312
1431655546
4294967076
2863311310
1431655544
4294967074
2863311308
1431655542
4294967072
2863311306
1431655540
4294967070
2863311304
1431655538
4294967068
2863311302
1431655536
4294967066
2863311300
1431655534
4294967064
2863311298
1431655532
4294967062
2863311296
1431655530
4294967060
2863311294
1431655528
4294967058
2863311292
1431655526
4294967056
2863311290
1431655524
4294967054
2863311288
1431655522
4294967052
2863311286
1431655520
4294967050
2863311284
1431655518
4294967048
2863311282
1431655516
4294967046
2863311280
1431655514
4294967044
2863311278
1431655512
4294967042
2863311276
1431655510
4294967040
2863311274
1431655508
4294967038
2863311272
1431655506
4294967036
2863311270
1431655504
4294967034
2863311268
1431655502
4294967032
2863311266
1431655500
4294967030
2863311264
1431655498
4294967028
2863311262
1431655496
4294967026
2863311260
1431655494
4294967024
2863311258
1431655492
4294967022
2863311256
1431655490
4294967020
2863311254
1431655488
4294967018
2863311252
1431655486
4294967016
2863311250
1431655484
4294967014
2863311248
1431655482
4294967012
2863311246
1431655480
4294967010
2863311244
1431655478
4294967008
2863311242
1431655476
4294967006
2863311240
1431655474
4294967004
2863311238
1431655472
4294967002
2863311236
1431655470
4294967000
2863311234
1431655468
4294966998
2863311232
1431655466
4294966996
2863311230
1431655464
4294966994
2863311228
1431655462
4294966992
2863311226
1431655460
4294966990
2863311224
1431655458
4294966988
2863311222
1431655456
4294966986
2863311220
1431655454
4294966984
2863311218
1431655452
4294966982
2863311216
1431655450
4294966980
2863311214
1431655448
4294966978
2863311212
1431655446
4294966976
2863311210
1431655444
4294966974
2863311208
1431655442
4294966972
2863311206
1431655440
4294966970
2863311204
1431655438
4294966968
2863311202
1431655436
4294966966
2863311200
1431655434
4294966964
2863311198
1431655432
4294966962
2863311196
1431655430
4294966960
2863311194
1431655428
4294966958
2863311192
1431655426
4294966956
2863311190
1431655424
4294966954
2863311188
1431655422
4294966952
2863311186
1431655420
4294966950
2863311184
1431655418
4294966948
2863311182
1431655416
4294966946
2863311180
1431655414
4294966944
2863311178
1431655412
4294966942
2863311176
1431655410
4294966940
2863311174
1431655408
4294966938
2863311172
1431655406
4294966936
2863311170
1431655404
4294966934
2863311168
1431655402
4294966932
2863311166
1431655400
4294966930
2863311164
1431655398
4294966928
2863311162
1431655396
4294966926
2863311160
1431655394
4294966924
2863311158
1431655392
4294966922
2863311156
1431655390
4294966920
2863311154
1431655388
4294966918
2863311152
1431655386
4294966916
2863311150
1431655384
4294966914
2863311148
1431655382
4294966912
2863311146
1431655380
4294966910
2863311144
1431655378
4294966908
2863311142
1431655376
4294966906
2863311140
1431655374
4294966904
2863311138
1431655372
4294966902
2863311136
1431655370
4294966900
2863311134
1431655368
4294966898
2863311132
1431655366
4294966896
2863311130
1431655364
4294966894
2863311128
1431655362
4294966892
2863311126
1431655360
4294966890
2863311124
1431655358
4294966888
2863311122
1431655356
4294966886
2863311120
1431655354
4294966884
2863311118
1431655352
4294966882
2863311116
1431655350
4294966880
2863311114
1431655348
4294966878
2863311112
1431655346
4294966876
2863311110
1431655344
4294966874
2863311108
1431655342
4294966872
2863311106
1431655340
4294966870
2863311104
1431655338
4294966868
2863311102
1431655336
4294966866
2863311100
1431655334
4294966864
2863311098
1431655332
4294966862
2863311096
1431655330
4294966860
2863311094
1431655328
4294966858
2863311092
1431655326
4294966856
2863311090
1431655324
4294966854
2863311088
1431655322
4294966852
2863311086
1431655320
4294966850
2863311084
1431655318
4294966848
2863311082
1431655316
4294966846
2863311080
1431655314
4294966844
2863311078
1431655312
4294966842
2863311076
1431655310
4294966840
2863311074
1431655308
4294966838
2863311072
1431655306
4294966836
2863311070
1431655304
4294966834
2863311068
1431655302
4294966832
2863311066
1431655300
4294966830
2863311064
1431655298
4294966828
2863311062
1431655296
4294966826
2863311060
1431655294
4294966824
2863311058
1431655292
4294966822
2863311056
1431655290
4294966820
2863311054
1431655288
4294966818
2863311052
1431655286
4294966816
2863311050
1431655284
4294966814
2863311048
1431655282
4294966812
2863311046
1431655280
4294966810
2863311044
1431655278
4294966808
2863311042
1431655276
4294966806
2863311040
1431655274
4294966804
2863311038
1431655272
4294966802
2863311036
1431655270
4294966800
2863311034
1431655268
4294966798
2863311032
1431655266
4294966796
2863311030
1431655264
4294966794
2863311028
1431655262
4294966792
2863311026
1431655260
4294966790
2863311024
1431655258
4294966788
2863311022
1431655256
4294966786
2863311020
1431655254
4294966784
2863311018
1431655252
4294966782
2863311016
1431655250
4294966780
2863311014
1431655248
4294966778
2863311012
1431655246
4294966776
2863311010
1431655244
4294966774
2863311008
1431655242
4294966772
2863311006
1431655240
4294966770
2863311004
1431655238
4294966768
2863311002
1431655236
4294966766
2863311000
1431655234
4294966764
2863310998
1431655232
4294966762
2863310996
1431655230
4294966760
2863310994
1431655228
4294966758
2863310992
1431655226
4294966756
2863310990
1431655224
4294966754
2863310988
1431655222
4294966752
2863310986
1431655220
4294966750
2863310984
1431655218
4294966748
2863310982
1431655216
4294966746
2863310980
1431655214
4294966744
2863310978
1431655212
4294966742
2863310976
1431655210
4294966740
2863310974
1431655208
4294966738
2863310972
1431655206
4294966736
2863310970
1431655204
4294966734
2863310968
1431655202
4294966732
2863310966
1431655200
4294966730
2863310964
1431655198
4294966728
2863310962
1431655196
4294966726
2863310960
1431655194
4294966724
2863310958
1431655192
4294966722
2863310956
1431655190
4294966720
2863310954
1431655188
4294966718
2863310952
1431655186
4294966716
2863310950
1431655184
4294966714
2863310948
1431655182
4294966712
2863310946
1431655180
4294966710
2863310944
1431655178
4294966708
2863310942
1431655176
4294966706
2863310940
1431655174
4294966704
2863310938
1431655172
4294966702
2863310936
1431655170
4294966700
2863310934
1431655168
4294966698
2863310932
1431655166
4294966696
2863310930
1431655164
4294966694
2863310928
1431655162
4294966692
2863310926
1431655160
4294966690
2863310924
1431655158
4294966688
2863310922
1431655156
4294966686
2863310920
1431655154
4294966684
2863310918
1431655152
4294966682
2863310916
1431655150
4294966680
2863310914
1431655148
4294966678
2863310912
1431655146
4294966676
2863310910
1431655144
4294966674
2863310908
1431655142
4294966672
2863310906
1431655140
4294966670
2863310904
1431655138
4294966668
2863310902
1431655136
4294966666
2863310900
1431655134
4294966664
2863310898
1431655132
4294966662
2863310896
1431655130
4294966660
2863310894
1431655128
4294966658
2863310892
1431655126
4294966656
2863310890
1431655124
4294966654
2863310888
1431655122
4294966652
2863310886
1431655120
4294966650
2863310884
1431655118
4294966648
2863310882
1431655116
4294966646
2863310880
1431655114
4294966644
2863310878
1431655112
4294966642
2863310876
1431655110
4294966640
2863310874
1431655108
4294966638
2863310872
1431655106
4294966636
2863310870
1431655104
4294966634
2863310868
1431655102
4294966632
2863310866
1431655100
4294966630
2863310864
1431655098
